<?xml version="1.0" encoding="UTF-8" ?>
<testsuite tests="189" failures="0" name="SlittingEditorTest" time="0.032" errors="0" skipped="0">
  <properties>
    <property name="java.runtime.name" value="Java(TM) SE Runtime Environment"/>
    <property name="sun.boot.library.path" value="C:\Program Files\Java\jdk1.8.0_171\jre\bin"/>
    <property name="java.vm.version" value="25.171-b11"/>
    <property name="java.vm.vendor" value="Oracle Corporation"/>
    <property name="maven.multiModuleProjectDirectory" value="C:\Users\eftomi\Documents\NetBeansProjects\Projects\steelSlittingCalculator"/>
    <property name="java.vendor.url" value="http://java.oracle.com/"/>
    <property name="path.separator" value=";"/>
    <property name="guice.disable.misplaced.annotation.check" value="true"/>
    <property name="java.vm.name" value="Java HotSpot(TM) 64-Bit Server VM"/>
    <property name="file.encoding.pkg" value="sun.io"/>
    <property name="user.script" value=""/>
    <property name="user.country" value="HU"/>
    <property name="sun.java.launcher" value="SUN_STANDARD"/>
    <property name="sun.os.patch.level" value=""/>
    <property name="java.vm.specification.name" value="Java Virtual Machine Specification"/>
    <property name="user.dir" value="C:\Users\eftomi\Documents\NetBeansProjects\Projects\steelSlittingCalculator"/>
    <property name="java.runtime.version" value="1.8.0_171-b11"/>
    <property name="java.awt.graphicsenv" value="sun.awt.Win32GraphicsEnvironment"/>
    <property name="java.endorsed.dirs" value="C:\Program Files\Java\jdk1.8.0_171\jre\lib\endorsed"/>
    <property name="os.arch" value="amd64"/>
    <property name="java.io.tmpdir" value="C:\Users\eftomi\AppData\Local\Temp\"/>
    <property name="line.separator" value="
"/>
    <property name="java.vm.specification.vendor" value="Oracle Corporation"/>
    <property name="user.variant" value=""/>
    <property name="os.name" value="Windows 10"/>
    <property name="maven.ext.class.path" value="C:\Program Files\NetBeans 8.2\java\maven-nblib\netbeans-eventspy.jar"/>
    <property name="classworlds.conf" value="C:\Users\eftomi\Downloads\apache-maven-3.6.3-bin\apache-maven-3.6.3\bin\..\bin\m2.conf"/>
    <property name="sun.jnu.encoding" value="Cp1250"/>
    <property name="java.library.path" value="C:\Program Files\Java\jdk1.8.0_171\bin;C:\WINDOWS\Sun\Java\bin;C:\WINDOWS\system32;C:\WINDOWS;C:\Program Files (x86)\Common Files\Oracle\Java\javapath;C:\Program Files (x86)\Intel\iCLS Client\;C:\Program Files\Intel\iCLS Client\;C:\Windows\system32;C:\Windows;C:\Windows\System32\Wbem;C:\Windows\System32\WindowsPowerShell\v1.0\;C:\Program Files (x86)\Intel\Intel(R) Management Engine Components\DAL;C:\Program Files\Intel\Intel(R) Management Engine Components\DAL;C:\Program Files (x86)\Intel\Intel(R) Management Engine Components\IPT;C:\Program Files\Intel\Intel(R) Management Engine Components\IPT;C:\WINDOWS\system32;C:\WINDOWS;C:\WINDOWS\System32\Wbem;C:\WINDOWS\System32\WindowsPowerShell\v1.0\;C:\Program Files\Microsoft SQL Server\Client SDK\ODBC\110\Tools\Binn\;C:\Program Files (x86)\Microsoft SQL Server\120\Tools\Binn\;C:\Program Files\Microsoft SQL Server\120\Tools\Binn\;C:\Program Files\Microsoft SQL Server\120\DTS\Binn\;C:\Program Files (x86)\Windows Kits\8.1\Windows Performance Toolkit\;C:\Program Files\Intel\WiFi\bin\;C:\Program Files\Common Files\Intel\WirelessCommon\;C:\WINDOWS\System32\OpenSSH\;C:\Program Files (x86)\QuickTime\QTSystem\;C:\cygwin64\bin;C:\Program Files\Java\jdk1.8.0_171\bin;C:\Program Files\Git\cmd;C:\Program Files\PuTTY\;C:\Program Files\nodejs\;C:\Users\eftomi\AppData\Local\Microsoft\WindowsApps;C:\Users\eftomi\AppData\Local\Programs\Microsoft VS Code\bin;C:\Users\eftomi\AppData\Roaming\npm;C:\Users\eftomi\AppData\Local\GitHubDesktop\bin;%USERPROFILE%\AppData\Local\Microsoft\WindowsApps;;."/>
    <property name="maven.conf" value="C:\Users\eftomi\Downloads\apache-maven-3.6.3-bin\apache-maven-3.6.3\bin\../conf"/>
    <property name="java.specification.name" value="Java Platform API Specification"/>
    <property name="java.class.version" value="52.0"/>
    <property name="sun.management.compiler" value="HotSpot 64-Bit Tiered Compilers"/>
    <property name="os.version" value="10.0"/>
    <property name="library.jansi.path" value="C:\Users\eftomi\Downloads\apache-maven-3.6.3-bin\apache-maven-3.6.3\bin\..\lib\jansi-native"/>
    <property name="user.home" value="C:\Users\eftomi"/>
    <property name="user.timezone" value="Europe/Prague"/>
    <property name="java.awt.printerjob" value="sun.awt.windows.WPrinterJob"/>
    <property name="java.specification.version" value="1.8"/>
    <property name="file.encoding" value="UTF-8"/>
    <property name="user.name" value="eftomi"/>
    <property name="java.class.path" value="C:\Users\eftomi\Downloads\apache-maven-3.6.3-bin\apache-maven-3.6.3\bin\..\boot\plexus-classworlds-2.6.0.jar"/>
    <property name="java.vm.specification.version" value="1.8"/>
    <property name="sun.arch.data.model" value="64"/>
    <property name="java.home" value="C:\Program Files\Java\jdk1.8.0_171\jre"/>
    <property name="sun.java.command" value="org.codehaus.plexus.classworlds.launcher.Launcher -Dmaven.ext.class.path=C:\Program Files\NetBeans 8.2\java\maven-nblib\netbeans-eventspy.jar -Dfile.encoding=UTF-8 clean install"/>
    <property name="java.specification.vendor" value="Oracle Corporation"/>
    <property name="user.language" value="hu"/>
    <property name="awt.toolkit" value="sun.awt.windows.WToolkit"/>
    <property name="java.vm.info" value="mixed mode"/>
    <property name="java.version" value="1.8.0_171"/>
    <property name="java.ext.dirs" value="C:\Program Files\Java\jdk1.8.0_171\jre\lib\ext;C:\WINDOWS\Sun\Java\lib\ext"/>
    <property name="sun.boot.class.path" value="C:\Program Files\Java\jdk1.8.0_171\jre\lib\resources.jar;C:\Program Files\Java\jdk1.8.0_171\jre\lib\rt.jar;C:\Program Files\Java\jdk1.8.0_171\jre\lib\sunrsasign.jar;C:\Program Files\Java\jdk1.8.0_171\jre\lib\jsse.jar;C:\Program Files\Java\jdk1.8.0_171\jre\lib\jce.jar;C:\Program Files\Java\jdk1.8.0_171\jre\lib\charsets.jar;C:\Program Files\Java\jdk1.8.0_171\jre\lib\jfr.jar;C:\Program Files\Java\jdk1.8.0_171\jre\classes"/>
    <property name="java.vendor" value="Oracle Corporation"/>
    <property name="maven.home" value="C:\Users\eftomi\Downloads\apache-maven-3.6.3-bin\apache-maven-3.6.3\bin\.."/>
    <property name="file.separator" value="\"/>
    <property name="java.vendor.url.bug" value="http://bugreport.sun.com/bugreport/"/>
    <property name="sun.cpu.endian" value="little"/>
    <property name="sun.io.unicode.encoding" value="UnicodeLittle"/>
    <property name="sun.desktop" value="windows"/>
    <property name="sun.cpu.isalist" value="amd64"/>
  </properties>
  <testcase classname="SlittingEditorTest" name="testWasteEdgeWidthCalc1" time="0.004"/>
  <testcase classname="SlittingEditorTest" name="testWasteEdgeWidthCalc2" time="0"/>
  <testcase classname="SlittingEditorTest" name="testWasteEdgeWidthCalc3" time="0"/>
  <testcase classname="SlittingEditorTest" name="testWasteEdgeWidthCalc4" time="0"/>
  <testcase classname="SlittingEditorTest" name="testWasteEdgeWidthCalc5" time="0"/>
  <testcase classname="SlittingEditorTest" name="testRemainsFromWidthCalc10" time="0"/>
  <testcase classname="SlittingEditorTest" name="testSumSumWidthCalc1" time="0"/>
  <testcase classname="SlittingEditorTest" name="testSumSumWidthCalc2" time="0"/>
  <testcase classname="SlittingEditorTest" name="testSumSumWidthCalc3" time="0"/>
  <testcase classname="SlittingEditorTest" name="testSumSumWidthCalc4" time="0"/>
  <testcase classname="SlittingEditorTest" name="testSumSumWidthCalc5" time="0"/>
  <testcase classname="SlittingEditorTest" name="testSumSumWidthCalc6" time="0"/>
  <testcase classname="SlittingEditorTest" name="testSumSumWidthCalc7" time="0"/>
  <testcase classname="SlittingEditorTest" name="testOneCoilWeightCalc1" time="0"/>
  <testcase classname="SlittingEditorTest" name="testOneCoilWeightCalc2" time="0"/>
  <testcase classname="SlittingEditorTest" name="testOneCoilWeightCalc3" time="0.001"/>
  <testcase classname="SlittingEditorTest" name="testOneCoilWeightCalc4" time="0"/>
  <testcase classname="SlittingEditorTest" name="testOneCoilWeightCalc5" time="0"/>
  <testcase classname="SlittingEditorTest" name="testOneCoilWeightCalc6" time="0"/>
  <testcase classname="SlittingEditorTest" name="testOneCoilWeightCalc7" time="0"/>
  <testcase classname="SlittingEditorTest" name="testOneCoilWeightCalc8" time="0"/>
  <testcase classname="SlittingEditorTest" name="testOneCoilWeightCalc9" time="0"/>
  <testcase classname="SlittingEditorTest" name="testHalfInnerDiameterCalc1" time="0"/>
  <testcase classname="SlittingEditorTest" name="testHalfInnerDiameterCalc2" time="0"/>
  <testcase classname="SlittingEditorTest" name="testCoilWithDrumRadCalc1" time="0.003"/>
  <testcase classname="SlittingEditorTest" name="testCoilWithDrumRadCalc2" time="0.001"/>
  <testcase classname="SlittingEditorTest" name="testCoilWithDrumRadCalc3" time="0"/>
  <testcase classname="SlittingEditorTest" name="testCoilWithDrumRadCalc4" time="0"/>
  <testcase classname="SlittingEditorTest" name="testCoilWithDrumRadCalc5" time="0"/>
  <testcase classname="SlittingEditorTest" name="testCoilWithDrumRadCalc6" time="0"/>
  <testcase classname="SlittingEditorTest" name="testSumSumPortionCalc1" time="0"/>
  <testcase classname="SlittingEditorTest" name="testSumSumPortionCalc2" time="0"/>
  <testcase classname="SlittingEditorTest" name="testSumSumPortionCalc3" time="0"/>
  <testcase classname="SlittingEditorTest" name="testSumSumPortionCalc4" time="0"/>
  <testcase classname="SlittingEditorTest" name="testSumSumPortionCalc5" time="0"/>
  <testcase classname="SlittingEditorTest" name="testSumSumPortionCalc6" time="0"/>
  <testcase classname="SlittingEditorTest" name="testSumSumPortionCalc7" time="0"/>
  <testcase classname="SlittingEditorTest" name="testDimensionPickCalc1" time="0"/>
  <testcase classname="SlittingEditorTest" name="testDimensionPickCalc2" time="0"/>
  <testcase classname="SlittingEditorTest" name="testDimensionPickCalc3" time="0.001"/>
  <testcase classname="SlittingEditorTest" name="testDimensionPickCalc4" time="0"/>
  <testcase classname="SlittingEditorTest" name="testDimensionPickCalc5" time="0.003"/>
  <testcase classname="SlittingEditorTest" name="testDimensionPickCalc6" time="0"/>
  <testcase classname="SlittingEditorTest" name="testDimensionPickCalc7" time="0.001"/>
  <testcase classname="SlittingEditorTest" name="testDimensionPickCalc8" time="0"/>
  <testcase classname="SlittingEditorTest" name="testDimensionPickCalc9" time="0"/>
  <testcase classname="SlittingEditorTest" name="testRewinderDrumWeightCalc1" time="0"/>
  <testcase classname="SlittingEditorTest" name="testRewinderDrumWeightCalc2" time="0"/>
  <testcase classname="SlittingEditorTest" name="testRewinderDrumWeightCalc3" time="0.001"/>
  <testcase classname="SlittingEditorTest" name="testRewinderDrumWeightCalc4" time="0"/>
  <testcase classname="SlittingEditorTest" name="testRewinderDrumWeightCalc5" time="0"/>
  <testcase classname="SlittingEditorTest" name="testRewinderDrumWeightCalc6" time="0"/>
  <testcase classname="SlittingEditorTest" name="testSumWasteCalc1" time="0"/>
  <testcase classname="SlittingEditorTest" name="testSumWasteCalc2" time="0.001"/>
  <testcase classname="SlittingEditorTest" name="testSumWasteCalc3" time="0"/>
  <testcase classname="SlittingEditorTest" name="testSumWasteCalc4" time="0"/>
  <testcase classname="SlittingEditorTest" name="testSumWasteCalc5" time="0"/>
  <testcase classname="SlittingEditorTest" name="testSumWasteCalc6" time="0"/>
  <testcase classname="SlittingEditorTest" name="testSumWasteCalc7" time="0"/>
  <testcase classname="SlittingEditorTest" name="testSumWasteCalc8" time="0.001"/>
  <testcase classname="SlittingEditorTest" name="testDimensionPickCalc10" time="0"/>
  <testcase classname="SlittingEditorTest" name="testDimensionPickCalc11" time="0"/>
  <testcase classname="SlittingEditorTest" name="testDimensionPickCalc12" time="0"/>
  <testcase classname="SlittingEditorTest" name="testDimensionPickCalc13" time="0"/>
  <testcase classname="SlittingEditorTest" name="testDimensionPickCalc14" time="0"/>
  <testcase classname="SlittingEditorTest" name="testDimensionPickCalc15" time="0.001"/>
  <testcase classname="SlittingEditorTest" name="testDimensionPickCalc16" time="0.001"/>
  <testcase classname="SlittingEditorTest" name="testDimensionPickCalc17" time="0"/>
  <testcase classname="SlittingEditorTest" name="testDimensionPickCalc18" time="0"/>
  <testcase classname="SlittingEditorTest" name="testDimensionSumWidthCalc1" time="0.001"/>
  <testcase classname="SlittingEditorTest" name="testDimensionSumWidthCalc2" time="0.001"/>
  <testcase classname="SlittingEditorTest" name="testDimensionSumWidthCalc3" time="0"/>
  <testcase classname="SlittingEditorTest" name="testDimensionSumWidthCalc4" time="0"/>
  <testcase classname="SlittingEditorTest" name="testDimensionSumWidthCalc5" time="0"/>
  <testcase classname="SlittingEditorTest" name="testDimensionSumWidthCalc6" time="0"/>
  <testcase classname="SlittingEditorTest" name="testDimensionSumWidthCalc7" time="0"/>
  <testcase classname="SlittingEditorTest" name="testDimensionSumWidthCalc8" time="0"/>
  <testcase classname="SlittingEditorTest" name="testOuterDiameterCalc1" time="0"/>
  <testcase classname="SlittingEditorTest" name="testOuterDiameterCalc2" time="0"/>
  <testcase classname="SlittingEditorTest" name="testOuterDiameterCalc3" time="0"/>
  <testcase classname="SlittingEditorTest" name="testOuterDiameterCalc4" time="0"/>
  <testcase classname="SlittingEditorTest" name="testCoilNetPlusDrumWeightCalc1" time="0"/>
  <testcase classname="SlittingEditorTest" name="testCoilNetPlusDrumWeightCalc2" time="0"/>
  <testcase classname="SlittingEditorTest" name="testCoilNetPlusDrumWeightCalc3" time="0"/>
  <testcase classname="SlittingEditorTest" name="testCoilNetPlusDrumWeightCalc4" time="0"/>
  <testcase classname="SlittingEditorTest" name="testCoilNetPlusDrumWeightCalc5" time="0"/>
  <testcase classname="SlittingEditorTest" name="testCoilNetPlusDrumWeightCalc6" time="0"/>
  <testcase classname="SlittingEditorTest" name="testSumQtyCalc1" time="0.001"/>
  <testcase classname="SlittingEditorTest" name="testSumQtyCalc2" time="0"/>
  <testcase classname="SlittingEditorTest" name="testSumQtyCalc3" time="0"/>
  <testcase classname="SlittingEditorTest" name="testSumQtyCalc4" time="0"/>
  <testcase classname="SlittingEditorTest" name="testSumQtyCalc5" time="0"/>
  <testcase classname="SlittingEditorTest" name="testSumQtyCalc6" time="0"/>
  <testcase classname="SlittingEditorTest" name="testSumQtyCalc7" time="0"/>
  <testcase classname="SlittingEditorTest" name="testOneMmBatchCalc1" time="0"/>
  <testcase classname="SlittingEditorTest" name="testOneMmBatchCalc2" time="0"/>
  <testcase classname="SlittingEditorTest" name="testOneMmBatchCalc3" time="0"/>
  <testcase classname="SlittingEditorTest" name="testOneMmBatchCalc4" time="0"/>
  <testcase classname="SlittingEditorTest" name="testOneMmBatchCalc5" time="0"/>
  <testcase classname="SlittingEditorTest" name="testOneMmBatchCalc6" time="0"/>
  <testcase classname="SlittingEditorTest" name="testOneMmBatchCalc7" time="0"/>
  <testcase classname="SlittingEditorTest" name="testOneMmBatchCalc8" time="0"/>
  <testcase classname="SlittingEditorTest" name="testOneMmBatchCalc9" time="0"/>
  <testcase classname="SlittingEditorTest" name="testDimensionSumProportionCalc10" time="0"/>
  <testcase classname="SlittingEditorTest" name="testDimensionSumProportionCalc11" time="0.001"/>
  <testcase classname="SlittingEditorTest" name="testDimensionSumProportionCalc12" time="0"/>
  <testcase classname="SlittingEditorTest" name="testDimensionSumProportionCalc13" time="0"/>
  <testcase classname="SlittingEditorTest" name="testDimensionSumProportionCalc14" time="0"/>
  <testcase classname="SlittingEditorTest" name="testDimensionSumProportionCalc15" time="0"/>
  <testcase classname="SlittingEditorTest" name="testDimensionSumProportionCalc16" time="0"/>
  <testcase classname="SlittingEditorTest" name="testDimensionSumProportionCalc17" time="0.001"/>
  <testcase classname="SlittingEditorTest" name="testOneMmCoilCalc1" time="0"/>
  <testcase classname="SlittingEditorTest" name="testOneMmCoilCalc2" time="0"/>
  <testcase classname="SlittingEditorTest" name="testOneMmCoilCalc3" time="0"/>
  <testcase classname="SlittingEditorTest" name="testOneMmCoilCalc4" time="0"/>
  <testcase classname="SlittingEditorTest" name="testOneMmCoilCalc5" time="0"/>
  <testcase classname="SlittingEditorTest" name="testOneMmCoilCalc6" time="0.001"/>
  <testcase classname="SlittingEditorTest" name="testOneMmCoilCalc7" time="0"/>
  <testcase classname="SlittingEditorTest" name="testOneMmCoilCalc8" time="0"/>
  <testcase classname="SlittingEditorTest" name="testOneMmCoilCalc9" time="0"/>
  <testcase classname="SlittingEditorTest" name="testRemainsFromWidthCalc1" time="0"/>
  <testcase classname="SlittingEditorTest" name="testRemainsFromWidthCalc2" time="0"/>
  <testcase classname="SlittingEditorTest" name="testRemainsFromWidthCalc3" time="0"/>
  <testcase classname="SlittingEditorTest" name="testRemainsFromWidthCalc4" time="0"/>
  <testcase classname="SlittingEditorTest" name="testRemainsFromWidthCalc5" time="0"/>
  <testcase classname="SlittingEditorTest" name="testRemainsFromWidthCalc6" time="0"/>
  <testcase classname="SlittingEditorTest" name="testRemainsFromWidthCalc7" time="0"/>
  <testcase classname="SlittingEditorTest" name="testRemainsFromWidthCalc8" time="0"/>
  <testcase classname="SlittingEditorTest" name="testRemainsFromWidthCalc9" time="0"/>
  <testcase classname="SlittingEditorTest" name="testDimensionSumWeightCalc10" time="0"/>
  <testcase classname="SlittingEditorTest" name="testDimensionSumWeightCalc11" time="0"/>
  <testcase classname="SlittingEditorTest" name="testDimensionSumWeightCalc12" time="0"/>
  <testcase classname="SlittingEditorTest" name="testDimensionSumWeightCalc14" time="0"/>
  <testcase classname="SlittingEditorTest" name="testOneCoilNetWeightCalc1" time="0"/>
  <testcase classname="SlittingEditorTest" name="testOneCoilNetWeightCalc2" time="0"/>
  <testcase classname="SlittingEditorTest" name="testOneCoilNetWeightCalc3" time="0"/>
  <testcase classname="SlittingEditorTest" name="testOneCoilNetWeightCalc4" time="0"/>
  <testcase classname="SlittingEditorTest" name="testOneCoilNetWeightCalc5" time="0"/>
  <testcase classname="SlittingEditorTest" name="testOneCoilNetWeightCalc6" time="0"/>
  <testcase classname="SlittingEditorTest" name="testDimensionSumProportionCalc1" time="0"/>
  <testcase classname="SlittingEditorTest" name="testDimensionSumProportionCalc2" time="0"/>
  <testcase classname="SlittingEditorTest" name="testDimensionSumProportionCalc3" time="0"/>
  <testcase classname="SlittingEditorTest" name="testDimensionSumProportionCalc4" time="0"/>
  <testcase classname="SlittingEditorTest" name="testDimensionSumProportionCalc5" time="0"/>
  <testcase classname="SlittingEditorTest" name="testDimensionSumProportionCalc6" time="0"/>
  <testcase classname="SlittingEditorTest" name="testDimensionSumProportionCalc7" time="0"/>
  <testcase classname="SlittingEditorTest" name="testDimensionSumProportionCalc8" time="0"/>
  <testcase classname="SlittingEditorTest" name="testDimensionSumProportionCalc9" time="0"/>
  <testcase classname="SlittingEditorTest" name="testSetTitle1" time="0"/>
  <testcase classname="SlittingEditorTest" name="testSetTitle2" time="0"/>
  <testcase classname="SlittingEditorTest" name="testSetTitle3" time="0"/>
  <testcase classname="SlittingEditorTest" name="testSetTitle4" time="0"/>
  <testcase classname="SlittingEditorTest" name="testSetTitle5" time="0.001"/>
  <testcase classname="SlittingEditorTest" name="testSetTitle6" time="0"/>
  <testcase classname="SlittingEditorTest" name="testNoCoilWidthSetup1" time="0"/>
  <testcase classname="SlittingEditorTest" name="testNoCoilWidthSetup2" time="0"/>
  <testcase classname="SlittingEditorTest" name="testNoCoilWidthSetup3" time="0"/>
  <testcase classname="SlittingEditorTest" name="testNoCoilWidthSetup4" time="0"/>
  <testcase classname="SlittingEditorTest" name="testNoCoilWidthSetup5" time="0"/>
  <testcase classname="SlittingEditorTest" name="testNoCoilWidthSetup6" time="0"/>
  <testcase classname="SlittingEditorTest" name="testDimensionResultDisplay1" time="0.002"/>
  <testcase classname="SlittingEditorTest" name="testDimensionResultDisplay2" time="0"/>
  <testcase classname="SlittingEditorTest" name="testDimensionResultDisplay3" time="0.001"/>
  <testcase classname="SlittingEditorTest" name="testDimensionResultDisplay4" time="0.002"/>
  <testcase classname="SlittingEditorTest" name="testDimensionResultDisplay5" time="0"/>
  <testcase classname="SlittingEditorTest" name="testDimensionResultDisplay6" time="0"/>
  <testcase classname="SlittingEditorTest" name="testSumSumWeightCalc1" time="0"/>
  <testcase classname="SlittingEditorTest" name="testSumSumWeightCalc2" time="0"/>
  <testcase classname="SlittingEditorTest" name="testSumSumWeightCalc3" time="0"/>
  <testcase classname="SlittingEditorTest" name="testSumSumWeightCalc4" time="0"/>
  <testcase classname="SlittingEditorTest" name="testSumSumWeightCalc5" time="0"/>
  <testcase classname="SlittingEditorTest" name="testSumSumWeightCalc6" time="0"/>
  <testcase classname="SlittingEditorTest" name="testSumSumWeightCalc7" time="0"/>
  <testcase classname="SlittingEditorTest" name="testDimensionSumWeightCalc1" time="0"/>
  <testcase classname="SlittingEditorTest" name="testDimensionSumWeightCalc2" time="0"/>
  <testcase classname="SlittingEditorTest" name="testDimensionSumWeightCalc3" time="0.001"/>
  <testcase classname="SlittingEditorTest" name="testDimensionSumWeightCalc4" time="0"/>
  <testcase classname="SlittingEditorTest" name="testDimensionSumWeightCalc5" time="0"/>
  <testcase classname="SlittingEditorTest" name="testDimensionSumWeightCalc6" time="0"/>
  <testcase classname="SlittingEditorTest" name="testDimensionSumWeightCalc7" time="0"/>
  <testcase classname="SlittingEditorTest" name="testDimensionSumWeightCalc8" time="0"/>
  <testcase classname="SlittingEditorTest" name="testDimensionSumWeightCalc9" time="0"/>
  <testcase classname="SlittingEditorTest" name="testBodyThicknessCalc1" time="0"/>
  <testcase classname="SlittingEditorTest" name="testBodyThicknessCalc2" time="0"/>
  <testcase classname="SlittingEditorTest" name="testBodyThicknessCalc3" time="0"/>
  <testcase classname="SlittingEditorTest" name="testBodyThicknessCalc4" time="0"/>
  <testcase classname="SlittingEditorTest" name="testBodyThicknessCalc5" time="0"/>
  <testcase classname="SlittingEditorTest" name="testBodyThicknessCalc6" time="0"/>
  <testcase classname="SlittingEditorTest" name="testBodyThicknessCalc7" time="0"/>
</testsuite>